# window system
xorg
xorg-xinit
xdotool

# window manager
i3

# display manager
sddm
qt5-graphicaleffects
qt5-quickcontrols2
qt5-svg

# compositor
picom

# shell
zsh
oh-my-zsh
zsh-autosuggestions
zsh-syntax-highlighting

# terminal emulator
kitty

# top bar
eww

# app launcher
rofi

# notification manager
dunst

# background manager
feh

# file manager
ranger
python-pillow
ffmpegthumbnailer

# media player
mpv

# python
python

# nvim
nvim
python-neovim
lazygit
npm

# pdf viewer
zathura
zathura-pdf-poppler

# utils
slop
xclip
ffcast
neofetch
ripgrep
fzf
neofetch
yt-dlp
youtube-viewer
unzip

# browser
chromium

# icons theme
papirus-icon-theme

# fonts
ttf-cascadia-code-nerd
